<?xml version="1.0" encoding="UTF-8"?>
<robot generator="Robot 7.1.1 (Python 3.10.12 on linux)" generated="2024-11-27T14:09:09.673684" rpa="false" schemaversion="5">
<suite id="s1" name="Testing" source="/home/araj17/Testing">
<suite id="s1-s1" name="Tests" source="/home/araj17/Testing/tests">
<suite id="s1-s1-s1" name="Test Dropdown Handling" source="/home/araj17/Testing/tests/test_dropdown_handling.robot">
<test id="s1-s1-s1-t1" name="Handle Dropdown And Select Option" line="7">
<kw name="Open Browser" owner="SeleniumLibrary">
<msg time="2024-11-27T14:09:10.206904" level="INFO">Opening browser 'chrome' to base url 'https://practicesoftwaretesting.com/'.</msg>
<arg>${URL}</arg>
<arg>chrome</arg>
<doc>Opens a new browser instance to the optional ``url``.</doc>
<status status="PASS" start="2024-11-27T14:09:10.206244" elapsed="1.745453"/>
</kw>
<kw name="Select Option From Dropdown" owner="keywords_dropdown_handling">
<kw name="Select From List By Value" owner="SeleniumLibrary">
<msg time="2024-11-27T14:09:11.960918" level="INFO">Selecting options from selection list 'xpath://a[@data-test='nav-categories']' by value //a[@data-test='nav-power-tools'].</msg>
<msg time="2024-11-27T14:09:12.095321" level="INFO" html="true">&lt;/td&gt;&lt;/tr&gt;&lt;tr&gt;&lt;td colspan="3"&gt;&lt;a href="selenium-screenshot-1.png"&gt;&lt;img src="selenium-screenshot-1.png" width="800px"&gt;&lt;/a&gt;</msg>
<msg time="2024-11-27T14:09:12.095845" level="FAIL">List with locator 'xpath://a[@data-test='nav-categories']' not found.</msg>
<arg>${locator}</arg>
<arg>${value}</arg>
<doc>Selects options from selection list ``locator`` by ``values``.</doc>
<status status="FAIL" start="2024-11-27T14:09:11.955919" elapsed="0.145422">List with locator 'xpath://a[@data-test='nav-categories']' not found.</status>
</kw>
<arg>${DROPDOWN_LOCATOR}</arg>
<arg>${DROPDOWN_VALUE}</arg>
<status status="FAIL" start="2024-11-27T14:09:11.952715" elapsed="0.149388">List with locator 'xpath://a[@data-test='nav-categories']' not found.</status>
</kw>
<kw name="Close Browser" owner="SeleniumLibrary">
<doc>Closes the current browser.</doc>
<status status="NOT RUN" start="2024-11-27T14:09:12.102953" elapsed="0.000237"/>
</kw>
<status status="FAIL" start="2024-11-27T14:09:10.203207" elapsed="1.900950">List with locator 'xpath://a[@data-test='nav-categories']' not found.</status>
</test>
<status status="FAIL" start="2024-11-27T14:09:09.737400" elapsed="2.369812"/>
</suite>
<status status="FAIL" start="2024-11-27T14:09:09.735296" elapsed="2.374943"/>
</suite>
<status status="FAIL" start="2024-11-27T14:09:09.679808" elapsed="2.432418"/>
</suite>
<statistics>
<total>
<stat pass="0" fail="1" skip="0">All Tests</stat>
</total>
<tag>
</tag>
<suite>
<stat pass="0" fail="1" skip="0" id="s1" name="Testing">Testing</stat>
<stat pass="0" fail="1" skip="0" id="s1-s1" name="Tests">Testing.Tests</stat>
<stat pass="0" fail="1" skip="0" id="s1-s1-s1" name="Test Dropdown Handling">Testing.Tests.Test Dropdown Handling</stat>
</suite>
</statistics>
<errors>
</errors>
</robot>
